<?xml version="1.0" encoding="UTF-8"?>
<testsuite xmlns:xsi="http://www.w3.org/2001/XMLSchema-instance" xsi:noNamespaceSchemaLocation="https://maven.apache.org/surefire/maven-surefire-plugin/xsd/surefire-test-report.xsd" name="com.ApiTeste.ApiTeste.ApiTesteApplicationTests" time="4.899" tests="1" errors="0" skipped="0" failures="0">
  <properties>
    <property name="sun.desktop" value="windows"/>
    <property name="awt.toolkit" value="sun.awt.windows.WToolkit"/>
    <property name="java.specification.version" value="11"/>
    <property name="sun.cpu.isalist" value="amd64"/>
    <property name="sun.jnu.encoding" value="Cp1252"/>
    <property name="java.class.path" value="C:\Users\danilo.aparecido\Desktop\Estudos\ApiTeste\ApiTeste\target\test-classes;C:\Users\danilo.aparecido\Desktop\Estudos\ApiTeste\ApiTeste\target\classes;C:\Maven\repository_v4\org\springframework\boot\spring-boot-starter-web\2.4.1\spring-boot-starter-web-2.4.1.jar;C:\Maven\repository_v4\org\springframework\boot\spring-boot-starter\2.4.1\spring-boot-starter-2.4.1.jar;C:\Maven\repository_v4\org\springframework\boot\spring-boot-starter-logging\2.4.1\spring-boot-starter-logging-2.4.1.jar;C:\Maven\repository_v4\ch\qos\logback\logback-classic\1.2.3\logback-classic-1.2.3.jar;C:\Maven\repository_v4\ch\qos\logback\logback-core\1.2.3\logback-core-1.2.3.jar;C:\Maven\repository_v4\org\apache\logging\log4j\log4j-to-slf4j\2.13.3\log4j-to-slf4j-2.13.3.jar;C:\Maven\repository_v4\org\apache\logging\log4j\log4j-api\2.13.3\log4j-api-2.13.3.jar;C:\Maven\repository_v4\org\slf4j\jul-to-slf4j\1.7.30\jul-to-slf4j-1.7.30.jar;C:\Maven\repository_v4\jakarta\annotation\jakarta.annotation-api\1.3.5\jakarta.annotation-api-1.3.5.jar;C:\Maven\repository_v4\org\yaml\snakeyaml\1.27\snakeyaml-1.27.jar;C:\Maven\repository_v4\org\springframework\boot\spring-boot-starter-json\2.4.1\spring-boot-starter-json-2.4.1.jar;C:\Maven\repository_v4\com\fasterxml\jackson\core\jackson-databind\2.11.3\jackson-databind-2.11.3.jar;C:\Maven\repository_v4\com\fasterxml\jackson\core\jackson-annotations\2.11.3\jackson-annotations-2.11.3.jar;C:\Maven\repository_v4\com\fasterxml\jackson\core\jackson-core\2.11.3\jackson-core-2.11.3.jar;C:\Maven\repository_v4\com\fasterxml\jackson\datatype\jackson-datatype-jdk8\2.11.3\jackson-datatype-jdk8-2.11.3.jar;C:\Maven\repository_v4\com\fasterxml\jackson\datatype\jackson-datatype-jsr310\2.11.3\jackson-datatype-jsr310-2.11.3.jar;C:\Maven\repository_v4\com\fasterxml\jackson\module\jackson-module-parameter-names\2.11.3\jackson-module-parameter-names-2.11.3.jar;C:\Maven\repository_v4\org\springframework\boot\spring-boot-starter-tomcat\2.4.1\spring-boot-starter-tomcat-2.4.1.jar;C:\Maven\repository_v4\org\apache\tomcat\embed\tomcat-embed-core\9.0.41\tomcat-embed-core-9.0.41.jar;C:\Maven\repository_v4\org\glassfish\jakarta.el\3.0.3\jakarta.el-3.0.3.jar;C:\Maven\repository_v4\org\apache\tomcat\embed\tomcat-embed-websocket\9.0.41\tomcat-embed-websocket-9.0.41.jar;C:\Maven\repository_v4\org\springframework\spring-web\5.3.2\spring-web-5.3.2.jar;C:\Maven\repository_v4\org\springframework\spring-beans\5.3.2\spring-beans-5.3.2.jar;C:\Maven\repository_v4\org\springframework\spring-webmvc\5.3.2\spring-webmvc-5.3.2.jar;C:\Maven\repository_v4\org\springframework\spring-aop\5.3.2\spring-aop-5.3.2.jar;C:\Maven\repository_v4\org\springframework\spring-context\5.3.2\spring-context-5.3.2.jar;C:\Maven\repository_v4\org\springframework\spring-expression\5.3.2\spring-expression-5.3.2.jar;C:\Maven\repository_v4\org\springframework\boot\spring-boot-devtools\2.4.1\spring-boot-devtools-2.4.1.jar;C:\Maven\repository_v4\org\springframework\boot\spring-boot\2.4.1\spring-boot-2.4.1.jar;C:\Maven\repository_v4\org\springframework\boot\spring-boot-autoconfigure\2.4.1\spring-boot-autoconfigure-2.4.1.jar;C:\Maven\repository_v4\org\springframework\boot\spring-boot-configuration-processor\2.4.1\spring-boot-configuration-processor-2.4.1.jar;C:\Maven\repository_v4\org\projectlombok\lombok\1.18.16\lombok-1.18.16.jar;C:\Maven\repository_v4\org\springframework\boot\spring-boot-starter-test\2.4.1\spring-boot-starter-test-2.4.1.jar;C:\Maven\repository_v4\org\springframework\boot\spring-boot-test\2.4.1\spring-boot-test-2.4.1.jar;C:\Maven\repository_v4\org\springframework\boot\spring-boot-test-autoconfigure\2.4.1\spring-boot-test-autoconfigure-2.4.1.jar;C:\Maven\repository_v4\com\jayway\jsonpath\json-path\2.4.0\json-path-2.4.0.jar;C:\Maven\repository_v4\net\minidev\json-smart\2.3\json-smart-2.3.jar;C:\Maven\repository_v4\net\minidev\accessors-smart\1.2\accessors-smart-1.2.jar;C:\Maven\repository_v4\org\ow2\asm\asm\5.0.4\asm-5.0.4.jar;C:\Maven\repository_v4\org\slf4j\slf4j-api\1.7.30\slf4j-api-1.7.30.jar;C:\Maven\repository_v4\jakarta\xml\bind\jakarta.xml.bind-api\2.3.3\jakarta.xml.bind-api-2.3.3.jar;C:\Maven\repository_v4\jakarta\activation\jakarta.activation-api\1.2.2\jakarta.activation-api-1.2.2.jar;C:\Maven\repository_v4\org\assertj\assertj-core\3.18.1\assertj-core-3.18.1.jar;C:\Maven\repository_v4\org\hamcrest\hamcrest\2.2\hamcrest-2.2.jar;C:\Maven\repository_v4\org\junit\jupiter\junit-jupiter\5.7.0\junit-jupiter-5.7.0.jar;C:\Maven\repository_v4\org\junit\jupiter\junit-jupiter-api\5.7.0\junit-jupiter-api-5.7.0.jar;C:\Maven\repository_v4\org\apiguardian\apiguardian-api\1.1.0\apiguardian-api-1.1.0.jar;C:\Maven\repository_v4\org\opentest4j\opentest4j\1.2.0\opentest4j-1.2.0.jar;C:\Maven\repository_v4\org\junit\platform\junit-platform-commons\1.7.0\junit-platform-commons-1.7.0.jar;C:\Maven\repository_v4\org\junit\jupiter\junit-jupiter-params\5.7.0\junit-jupiter-params-5.7.0.jar;C:\Maven\repository_v4\org\junit\jupiter\junit-jupiter-engine\5.7.0\junit-jupiter-engine-5.7.0.jar;C:\Maven\repository_v4\org\junit\platform\junit-platform-engine\1.7.0\junit-platform-engine-1.7.0.jar;C:\Maven\repository_v4\org\mockito\mockito-core\3.6.28\mockito-core-3.6.28.jar;C:\Maven\repository_v4\net\bytebuddy\byte-buddy\1.10.18\byte-buddy-1.10.18.jar;C:\Maven\repository_v4\net\bytebuddy\byte-buddy-agent\1.10.18\byte-buddy-agent-1.10.18.jar;C:\Maven\repository_v4\org\objenesis\objenesis\3.1\objenesis-3.1.jar;C:\Maven\repository_v4\org\mockito\mockito-junit-jupiter\3.6.28\mockito-junit-jupiter-3.6.28.jar;C:\Maven\repository_v4\org\skyscreamer\jsonassert\1.5.0\jsonassert-1.5.0.jar;C:\Maven\repository_v4\com\vaadin\external\google\android-json\0.0.20131108.vaadin1\android-json-0.0.20131108.vaadin1.jar;C:\Maven\repository_v4\org\springframework\spring-core\5.3.2\spring-core-5.3.2.jar;C:\Maven\repository_v4\org\springframework\spring-jcl\5.3.2\spring-jcl-5.3.2.jar;C:\Maven\repository_v4\org\springframework\spring-test\5.3.2\spring-test-5.3.2.jar;C:\Maven\repository_v4\org\xmlunit\xmlunit-core\2.7.0\xmlunit-core-2.7.0.jar;"/>
    <property name="java.vm.vendor" value="Oracle Corporation"/>
    <property name="sun.arch.data.model" value="64"/>
    <property name="user.variant" value=""/>
    <property name="java.vendor.url" value="http://java.oracle.com/"/>
    <property name="user.timezone" value="America/Sao_Paulo"/>
    <property name="java.vm.specification.version" value="11"/>
    <property name="os.name" value="Windows 10"/>
    <property name="sun.java.launcher" value="SUN_STANDARD"/>
    <property name="user.country" value="BR"/>
    <property name="sun.boot.library.path" value="C:\Program Files\Java\jdk-11.0.1\bin"/>
    <property name="sun.java.command" value="C:\Users\DANILO~1.APA\AppData\Local\Temp\surefire9872481103332268130\surefirebooter3485318256314949840.jar C:\Users\danilo.aparecido\AppData\Local\Temp\surefire9872481103332268130 2021-01-25T21-37-29_442-jvmRun1 surefire6804423962976740924tmp surefire_016763213892575715916tmp"/>
    <property name="jdk.debug" value="release"/>
    <property name="surefire.test.class.path" value="C:\Users\danilo.aparecido\Desktop\Estudos\ApiTeste\ApiTeste\target\test-classes;C:\Users\danilo.aparecido\Desktop\Estudos\ApiTeste\ApiTeste\target\classes;C:\Maven\repository_v4\org\springframework\boot\spring-boot-starter-web\2.4.1\spring-boot-starter-web-2.4.1.jar;C:\Maven\repository_v4\org\springframework\boot\spring-boot-starter\2.4.1\spring-boot-starter-2.4.1.jar;C:\Maven\repository_v4\org\springframework\boot\spring-boot-starter-logging\2.4.1\spring-boot-starter-logging-2.4.1.jar;C:\Maven\repository_v4\ch\qos\logback\logback-classic\1.2.3\logback-classic-1.2.3.jar;C:\Maven\repository_v4\ch\qos\logback\logback-core\1.2.3\logback-core-1.2.3.jar;C:\Maven\repository_v4\org\apache\logging\log4j\log4j-to-slf4j\2.13.3\log4j-to-slf4j-2.13.3.jar;C:\Maven\repository_v4\org\apache\logging\log4j\log4j-api\2.13.3\log4j-api-2.13.3.jar;C:\Maven\repository_v4\org\slf4j\jul-to-slf4j\1.7.30\jul-to-slf4j-1.7.30.jar;C:\Maven\repository_v4\jakarta\annotation\jakarta.annotation-api\1.3.5\jakarta.annotation-api-1.3.5.jar;C:\Maven\repository_v4\org\yaml\snakeyaml\1.27\snakeyaml-1.27.jar;C:\Maven\repository_v4\org\springframework\boot\spring-boot-starter-json\2.4.1\spring-boot-starter-json-2.4.1.jar;C:\Maven\repository_v4\com\fasterxml\jackson\core\jackson-databind\2.11.3\jackson-databind-2.11.3.jar;C:\Maven\repository_v4\com\fasterxml\jackson\core\jackson-annotations\2.11.3\jackson-annotations-2.11.3.jar;C:\Maven\repository_v4\com\fasterxml\jackson\core\jackson-core\2.11.3\jackson-core-2.11.3.jar;C:\Maven\repository_v4\com\fasterxml\jackson\datatype\jackson-datatype-jdk8\2.11.3\jackson-datatype-jdk8-2.11.3.jar;C:\Maven\repository_v4\com\fasterxml\jackson\datatype\jackson-datatype-jsr310\2.11.3\jackson-datatype-jsr310-2.11.3.jar;C:\Maven\repository_v4\com\fasterxml\jackson\module\jackson-module-parameter-names\2.11.3\jackson-module-parameter-names-2.11.3.jar;C:\Maven\repository_v4\org\springframework\boot\spring-boot-starter-tomcat\2.4.1\spring-boot-starter-tomcat-2.4.1.jar;C:\Maven\repository_v4\org\apache\tomcat\embed\tomcat-embed-core\9.0.41\tomcat-embed-core-9.0.41.jar;C:\Maven\repository_v4\org\glassfish\jakarta.el\3.0.3\jakarta.el-3.0.3.jar;C:\Maven\repository_v4\org\apache\tomcat\embed\tomcat-embed-websocket\9.0.41\tomcat-embed-websocket-9.0.41.jar;C:\Maven\repository_v4\org\springframework\spring-web\5.3.2\spring-web-5.3.2.jar;C:\Maven\repository_v4\org\springframework\spring-beans\5.3.2\spring-beans-5.3.2.jar;C:\Maven\repository_v4\org\springframework\spring-webmvc\5.3.2\spring-webmvc-5.3.2.jar;C:\Maven\repository_v4\org\springframework\spring-aop\5.3.2\spring-aop-5.3.2.jar;C:\Maven\repository_v4\org\springframework\spring-context\5.3.2\spring-context-5.3.2.jar;C:\Maven\repository_v4\org\springframework\spring-expression\5.3.2\spring-expression-5.3.2.jar;C:\Maven\repository_v4\org\springframework\boot\spring-boot-devtools\2.4.1\spring-boot-devtools-2.4.1.jar;C:\Maven\repository_v4\org\springframework\boot\spring-boot\2.4.1\spring-boot-2.4.1.jar;C:\Maven\repository_v4\org\springframework\boot\spring-boot-autoconfigure\2.4.1\spring-boot-autoconfigure-2.4.1.jar;C:\Maven\repository_v4\org\springframework\boot\spring-boot-configuration-processor\2.4.1\spring-boot-configuration-processor-2.4.1.jar;C:\Maven\repository_v4\org\projectlombok\lombok\1.18.16\lombok-1.18.16.jar;C:\Maven\repository_v4\org\springframework\boot\spring-boot-starter-test\2.4.1\spring-boot-starter-test-2.4.1.jar;C:\Maven\repository_v4\org\springframework\boot\spring-boot-test\2.4.1\spring-boot-test-2.4.1.jar;C:\Maven\repository_v4\org\springframework\boot\spring-boot-test-autoconfigure\2.4.1\spring-boot-test-autoconfigure-2.4.1.jar;C:\Maven\repository_v4\com\jayway\jsonpath\json-path\2.4.0\json-path-2.4.0.jar;C:\Maven\repository_v4\net\minidev\json-smart\2.3\json-smart-2.3.jar;C:\Maven\repository_v4\net\minidev\accessors-smart\1.2\accessors-smart-1.2.jar;C:\Maven\repository_v4\org\ow2\asm\asm\5.0.4\asm-5.0.4.jar;C:\Maven\repository_v4\org\slf4j\slf4j-api\1.7.30\slf4j-api-1.7.30.jar;C:\Maven\repository_v4\jakarta\xml\bind\jakarta.xml.bind-api\2.3.3\jakarta.xml.bind-api-2.3.3.jar;C:\Maven\repository_v4\jakarta\activation\jakarta.activation-api\1.2.2\jakarta.activation-api-1.2.2.jar;C:\Maven\repository_v4\org\assertj\assertj-core\3.18.1\assertj-core-3.18.1.jar;C:\Maven\repository_v4\org\hamcrest\hamcrest\2.2\hamcrest-2.2.jar;C:\Maven\repository_v4\org\junit\jupiter\junit-jupiter\5.7.0\junit-jupiter-5.7.0.jar;C:\Maven\repository_v4\org\junit\jupiter\junit-jupiter-api\5.7.0\junit-jupiter-api-5.7.0.jar;C:\Maven\repository_v4\org\apiguardian\apiguardian-api\1.1.0\apiguardian-api-1.1.0.jar;C:\Maven\repository_v4\org\opentest4j\opentest4j\1.2.0\opentest4j-1.2.0.jar;C:\Maven\repository_v4\org\junit\platform\junit-platform-commons\1.7.0\junit-platform-commons-1.7.0.jar;C:\Maven\repository_v4\org\junit\jupiter\junit-jupiter-params\5.7.0\junit-jupiter-params-5.7.0.jar;C:\Maven\repository_v4\org\junit\jupiter\junit-jupiter-engine\5.7.0\junit-jupiter-engine-5.7.0.jar;C:\Maven\repository_v4\org\junit\platform\junit-platform-engine\1.7.0\junit-platform-engine-1.7.0.jar;C:\Maven\repository_v4\org\mockito\mockito-core\3.6.28\mockito-core-3.6.28.jar;C:\Maven\repository_v4\net\bytebuddy\byte-buddy\1.10.18\byte-buddy-1.10.18.jar;C:\Maven\repository_v4\net\bytebuddy\byte-buddy-agent\1.10.18\byte-buddy-agent-1.10.18.jar;C:\Maven\repository_v4\org\objenesis\objenesis\3.1\objenesis-3.1.jar;C:\Maven\repository_v4\org\mockito\mockito-junit-jupiter\3.6.28\mockito-junit-jupiter-3.6.28.jar;C:\Maven\repository_v4\org\skyscreamer\jsonassert\1.5.0\jsonassert-1.5.0.jar;C:\Maven\repository_v4\com\vaadin\external\google\android-json\0.0.20131108.vaadin1\android-json-0.0.20131108.vaadin1.jar;C:\Maven\repository_v4\org\springframework\spring-core\5.3.2\spring-core-5.3.2.jar;C:\Maven\repository_v4\org\springframework\spring-jcl\5.3.2\spring-jcl-5.3.2.jar;C:\Maven\repository_v4\org\springframework\spring-test\5.3.2\spring-test-5.3.2.jar;C:\Maven\repository_v4\org\xmlunit\xmlunit-core\2.7.0\xmlunit-core-2.7.0.jar;"/>
    <property name="sun.cpu.endian" value="little"/>
    <property name="user.home" value="C:\Users\danilo.aparecido"/>
    <property name="user.language" value="pt"/>
    <property name="java.specification.vendor" value="Oracle Corporation"/>
    <property name="java.version.date" value="2018-10-16"/>
    <property name="java.home" value="C:\Program Files\Java\jdk-11.0.1"/>
    <property name="file.separator" value="\"/>
    <property name="basedir" value="C:\Users\danilo.aparecido\Desktop\Estudos\ApiTeste\ApiTeste"/>
    <property name="java.vm.compressedOopsMode" value="Zero based"/>
    <property name="line.separator" value="&#10;"/>
    <property name="java.specification.name" value="Java Platform API Specification"/>
    <property name="java.vm.specification.vendor" value="Oracle Corporation"/>
    <property name="java.awt.graphicsenv" value="sun.awt.Win32GraphicsEnvironment"/>
    <property name="surefire.real.class.path" value="C:\Users\DANILO~1.APA\AppData\Local\Temp\surefire9872481103332268130\surefirebooter3485318256314949840.jar"/>
    <property name="user.script" value=""/>
    <property name="sun.management.compiler" value="HotSpot 64-Bit Tiered Compilers"/>
    <property name="java.runtime.version" value="11.0.1+13"/>
    <property name="user.name" value="danilo.aparecido"/>
    <property name="path.separator" value=";"/>
    <property name="os.version" value="10.0"/>
    <property name="java.runtime.name" value="OpenJDK Runtime Environment"/>
    <property name="file.encoding" value="Cp1252"/>
    <property name="java.vm.name" value="OpenJDK 64-Bit Server VM"/>
    <property name="java.vendor.version" value="18.9"/>
    <property name="localRepository" value="C:\Maven\repository_v4"/>
    <property name="java.vendor.url.bug" value="http://bugreport.java.com/bugreport/"/>
    <property name="java.io.tmpdir" value="C:\Users\DANILO~1.APA\AppData\Local\Temp\"/>
    <property name="java.version" value="11.0.1"/>
    <property name="user.dir" value="C:\Users\danilo.aparecido\Desktop\Estudos\ApiTeste\ApiTeste"/>
    <property name="os.arch" value="amd64"/>
    <property name="java.vm.specification.name" value="Java Virtual Machine Specification"/>
    <property name="java.awt.printerjob" value="sun.awt.windows.WPrinterJob"/>
    <property name="sun.os.patch.level" value=""/>
    <property name="java.library.path" value="C:\Program Files\Java\jdk-11.0.1\bin;C:\Windows\Sun\Java\bin;C:\Windows\system32;C:\Windows;C:\Devwin\PIMS-Cana\Deploy;C:\Devwin\Modernização\Deploy;C:\Devwin\Modernização\Deploy\Axis2c;C:\Program Files (x86)\Gupta\Team Developer 7.3;C:\Program Files (x86)\Gupta\Team Developer 7.3\Axis2c\lib;C:\Program Files (x86)\Gupta\Team Developer 7.3\;C:\Program Files (x86)\Gupta\Team Developer 2005.1;C:\Program Files\Java\jdk-11.0.1\bin;C:\Program Files (x86)\Common Files\Oracle\Java\javapath;C:\oracle\product\12.1.0\client_1\bin;C:\oracleDataBase\product\11.2.0\dbhome_1\bin;C:\Program Files (x86)\Intel\Intel(R) Management Engine Components\iCLS\;C:\Program Files\Intel\Intel(R) Management Engine Components\iCLS\;C:\Windows\system32;C:\Windows;C:\Windows\System32\Wbem;C:\Windows\System32\WindowsPowerShell\v1.0\;C:\Windows\System32\OpenSSH\;C:\Program Files (x86)\Intel\Intel(R) Management Engine Components\DAL;C:\Program Files\Intel\Intel(R) Management Engine Components\DAL;C:\Program Files (x86)\Intel\Intel(R) Management Engine Components\IPT;C:\Program Files\Intel\Intel(R) Management Engine Components\IPT;C:\Program Files\nodejs\;C:\SDK\platform-tools;C:\SDK\tools;C:\Program Files\Microsoft SQL Server\Client SDK\ODBC\110\Tools\Binn\;C:\Program Files (x86)\Microsoft SQL Server\120\Tools\Binn\;C:\Program Files\Microsoft SQL Server\120\Tools\Binn\;C:\Program Files\Microsoft SQL Server\120\DTS\Binn\;C:\Program Files (x86)\Microsoft SQL Server\120\Tools\Binn\ManagementStudio\;C:\Program Files (x86)\Microsoft SQL Server\120\DTS\Binn\;C:\Program Files\Git\cmd;C:\Program Files\Docker\Docker\resources\bin;C:\ProgramData\DockerDesktop\version-bin;C:\HashiCorp\Vagrant\bin;C:\Python27;C:\Python27\Scripts;C:\Program Files\MySQL\MySQL Server 8.0\bin;C:\Maven\apache-maven-3.5.2\bin;C:\Users\danilo.aparecido\AppData\Local\Microsoft\WindowsApps;C:\Users\danilo.aparecido\AppData\Roaming\npm;C:\Users\danilo.aparecido\AppData\Local\Programs\Microsoft VS Code\bin;."/>
    <property name="java.vendor" value="Oracle Corporation"/>
    <property name="java.vm.info" value="mixed mode"/>
    <property name="java.vm.version" value="11.0.1+13"/>
    <property name="sun.io.unicode.encoding" value="UnicodeLittle"/>
    <property name="java.class.version" value="55.0"/>
  </properties>
  <testcase name="contextLoads" classname="com.ApiTeste.ApiTeste.ApiTesteApplicationTests" time="0.465"/>
</testsuite>